# JRE version: OpenJDK Runtime Environment (11.0.13) (build 11.0.13+0-b1751.21-8125866)
# Java VM: OpenJDK 64-Bit Server VM (11.0.13+0-b1751.21-8125866, mixed mode, tiered, compressed oops, g1 gc, windows-amd64)
Heap:
 garbage-first heap   total 491520K, used 175242K [0x0000000080000000, 0x0000000100000000)
  region size 1024K, 6 young (6144K), 6 survivors (6144K)
 Metaspace       used 127142K, capacity 130179K, committed 130256K, reserved 1163264K
  class space    used 15701K, capacity 16865K, committed 16928K, reserved 1048576K
GC Heap History (20 events):
Event: 98.016 GC heap after
{Heap after GC invocations=41 (full 0):
 garbage-first heap   total 238592K, used 97659K [0x0000000080000000, 0x0000000100000000)
  region size 1024K, 3 young (3072K), 3 survivors (3072K)
 Metaspace       used 113895K, capacity 116494K, committed 116560K, reserved 1150976K
  class space    used 14029K, capacity 15001K, committed 15008K, reserved 1048576K
}
Event: 98.707 GC heap before
{Heap before GC invocations=41 (full 0):
 garbage-first heap   total 238592K, used 202107K [0x0000000080000000, 0x0000000100000000)
  region size 1024K, 100 young (102400K), 3 survivors (3072K)
 Metaspace       used 114244K, capacity 116940K, committed 117200K, reserved 1150976K
  class space    used 14080K, capacity 15042K, committed 15136K, reserved 1048576K
}
Event: 98.722 GC heap after
{Heap after GC invocations=42 (full 0):
 garbage-first heap   total 238592K, used 105172K [0x0000000080000000, 0x0000000100000000)
  region size 1024K, 8 young (8192K), 8 survivors (8192K)
 Metaspace       used 114244K, capacity 116940K, committed 117200K, reserved 1150976K
  class space    used 14080K, capacity 15042K, committed 15136K, reserved 1048576K
}
Event: 100.124 GC heap before
{Heap before GC invocations=42 (full 0):
 garbage-first heap   total 238592K, used 198356K [0x0000000080000000, 0x0000000100000000)
  region size 1024K, 100 young (102400K), 8 survivors (8192K)
 Metaspace       used 118297K, capacity 121065K, committed 121296K, reserved 1155072K
  class space    used 14603K, capacity 15634K, committed 15648K, reserved 1048576K
}
Event: 100.168 GC heap after
{Heap after GC invocations=43 (full 0):
 garbage-first heap   total 238592K, used 125878K [0x0000000080000000, 0x0000000100000000)
  region size 1024K, 13 young (13312K), 13 survivors (13312K)
 Metaspace       used 118297K, capacity 121065K, committed 121296K, reserved 1155072K
  class space    used 14603K, capacity 15634K, committed 15648K, reserved 1048576K
}
Event: 100.987 GC heap before
{Heap before GC invocations=43 (full 0):
 garbage-first heap   total 238592K, used 193462K [0x0000000080000000, 0x0000000100000000)
  region size 1024K, 80 young (81920K), 13 survivors (13312K)
 Metaspace       used 119887K, capacity 122719K, committed 122832K, reserved 1157120K
  class space    used 14810K, capacity 15863K, committed 15904K, reserved 1048576K
}
Event: 101.068 GC heap after
{Heap after GC invocations=44 (full 0):
 garbage-first heap   total 238592K, used 132096K [0x0000000080000000, 0x0000000100000000)
  region size 1024K, 10 young (10240K), 10 survivors (10240K)
 Metaspace       used 119887K, capacity 122719K, committed 122832K, reserved 1157120K
  class space    used 14810K, capacity 15863K, committed 15904K, reserved 1048576K
}
Event: 101.947 GC heap before
{Heap before GC invocations=45 (full 0):
 garbage-first heap   total 238592K, used 191488K [0x0000000080000000, 0x0000000100000000)
  region size 1024K, 69 young (70656K), 10 survivors (10240K)
 Metaspace       used 121045K, capacity 123940K, committed 124112K, reserved 1157120K
  class space    used 14989K, capacity 16123K, committed 16160K, reserved 1048576K
}
Event: 102.010 GC heap after
{Heap after GC invocations=46 (full 0):
 garbage-first heap   total 238592K, used 143360K [0x0000000080000000, 0x0000000100000000)
  region size 1024K, 9 young (9216K), 9 survivors (9216K)
 Metaspace       used 121045K, capacity 123940K, committed 124112K, reserved 1157120K
  class space    used 14989K, capacity 16123K, committed 16160K, reserved 1048576K
}
Event: 102.014 GC heap before
{Heap before GC invocations=46 (full 0):
 garbage-first heap   total 238592K, used 145408K [0x0000000080000000, 0x0000000100000000)
  region size 1024K, 11 young (11264K), 9 survivors (9216K)
 Metaspace       used 121045K, capacity 123940K, committed 124112K, reserved 1157120K
  class space    used 14989K, capacity 16123K, committed 16160K, reserved 1048576K
}
Event: 102.055 GC heap after
{Heap after GC invocations=47 (full 0):
 garbage-first heap   total 238592K, used 138715K [0x0000000080000000, 0x0000000100000000)
  region size 1024K, 2 young (2048K), 2 survivors (2048K)
 Metaspace       used 121045K, capacity 123940K, committed 124112K, reserved 1157120K
  class space    used 14989K, capacity 16123K, committed 16160K, reserved 1048576K
}
Event: 102.404 GC heap before
{Heap before GC invocations=47 (full 0):
 garbage-first heap   total 238592K, used 191963K [0x0000000080000000, 0x0000000100000000)
  region size 1024K, 54 young (55296K), 2 survivors (2048K)
 Metaspace       used 121738K, capacity 124639K, committed 124752K, reserved 1157120K
  class space    used 15121K, capacity 16249K, committed 16288K, reserved 1048576K
}
Event: 102.440 GC heap after
{Heap after GC invocations=48 (full 0):
 garbage-first heap   total 329728K, used 148450K [0x0000000080000000, 0x0000000100000000)
  region size 1024K, 7 young (7168K), 7 survivors (7168K)
 Metaspace       used 121738K, capacity 124639K, committed 124752K, reserved 1157120K
  class space    used 15121K, capacity 16249K, committed 16288K, reserved 1048576K
}
Event: 104.129 GC heap before
{Heap before GC invocations=49 (full 0):
 garbage-first heap   total 329728K, used 235490K [0x0000000080000000, 0x0000000100000000)
  region size 1024K, 92 young (94208K), 7 survivors (7168K)
 Metaspace       used 124240K, capacity 127193K, committed 127440K, reserved 1161216K
  class space    used 15460K, capacity 16579K, committed 16672K, reserved 1048576K
}
Event: 104.210 GC heap after
{Heap after GC invocations=50 (full 0):
 garbage-first heap   total 329728K, used 162816K [0x0000000080000000, 0x0000000100000000)
  region size 1024K, 12 young (12288K), 12 survivors (12288K)
 Metaspace       used 124240K, capacity 127193K, committed 127440K, reserved 1161216K
  class space    used 15460K, capacity 16579K, committed 16672K, reserved 1048576K
}
Event: 105.851 GC heap before
{Heap before GC invocations=50 (full 0):
 garbage-first heap   total 329728K, used 245760K [0x0000000080000000, 0x0000000100000000)
  region size 1024K, 93 young (95232K), 12 survivors (12288K)
 Metaspace       used 126215K, capacity 129214K, committed 129488K, reserved 1161216K
  class space    used 15682K, capacity 16858K, committed 16928K, reserved 1048576K
}
Event: 105.922 GC heap after
{Heap after GC invocations=51 (full 0):
 garbage-first heap   total 329728K, used 169857K [0x0000000080000000, 0x0000000100000000)
  region size 1024K, 7 young (7168K), 7 survivors (7168K)
 Metaspace       used 126215K, capacity 129214K, committed 129488K, reserved 1161216K
  class space    used 15682K, capacity 16858K, committed 16928K, reserved 1048576K
}
Event: 108.043 GC heap before
{Heap before GC invocations=52 (full 0):
 garbage-first heap   total 329728K, used 252801K [0x0000000080000000, 0x0000000100000000)
  region size 1024K, 88 young (90112K), 7 survivors (7168K)
 Metaspace       used 126890K, capacity 129971K, committed 130256K, reserved 1163264K
  class space    used 15694K, capacity 16864K, committed 16928K, reserved 1048576K
}
Event: 108.087 GC heap after
{Heap after GC invocations=53 (full 0):
 garbage-first heap   total 329728K, used 173785K [0x0000000080000000, 0x0000000100000000)
  region size 1024K, 11 young (11264K), 11 survivors (11264K)
 Metaspace       used 126890K, capacity 129971K, committed 130256K, reserved 1163264K
  class space    used 15694K, capacity 16864K, committed 16928K, reserved 1048576K
}
Event: 109.185 GC heap before
{Heap before GC invocations=53 (full 0):
 garbage-first heap   total 329728K, used 257753K [0x0000000080000000, 0x0000000100000000)
  region size 1024K, 93 young (95232K), 11 survivors (11264K)
 Metaspace       used 127142K, capacity 130179K, committed 130256K, reserved 1163264K
  class space    used 15701K, capacity 16865K, committed 16928K, reserved 1048576K
}

